  ConioEx.c
D:\Projects\CCONSOLE AME\AME\ConioEx.c(167,37): warning C4090: “函数”: 不同的“const”限定符
D:\Projects\CCONSOLE AME\AME\ConioEx.c(200,37): warning C4090: “函数”: 不同的“const”限定符
  Enemy.c
D:\Projects\CCONSOLE AME\AME\Enemy.c(237,22): warning C4553: “==”: 未使用表达式结果；是否打算使用“=”?
  GameLogic.c
  InputMainMenu.c
  InputOpeningCinematic.c
  InputPlayerMove.c
  Main.c
  Map.c
  MusicLib.c
  PlayerMove.c
  Render.c
  RenderFrame.c
  TrashBin.c
  正在生成代码
  Previous IPDB not found, fall back to full compilation.
D:\Projects\CCONSOLE AME\AME\Enemy.c(155): warning C4715: “CreateSceneMember”: 不是所有的控件路径都返回值
  All 91 functions were compiled because no usable IPDB/IOBJ from previous compilation was found.
  已完成代码的生成
  AME.vcxproj -> D:\Projects\CCONSOLE AME\x64\Release\AME.exe
